<?xml version="1.0" encoding="UTF-8"?>
<!-- Generated by org.testng.reporters.JUnitReportReporter -->
<testsuite hostname="DESKTOP-L4HF810" name="day02.sizeyunsuan" tests="1" failures="0" timestamp="2 Jan 2019 03:33:57 GMT" time="0.004" errors="0">
  <testcase name="sub" time="0.004" classname="day02.sizeyunsuan"/>
</testsuite> <!-- day02.sizeyunsuan -->
