<?xml version="1.0" encoding="UTF-8"?>
<!-- Generated by org.testng.reporters.JUnitReportReporter -->
<testsuite hostname="DESKTOP-L4HF810" name="day02.Lianxi9" tests="12" failures="0" timestamp="2 Jan 2019 02:55:48 GMT" time="0.014" errors="0">
  <testcase name="add" time="0.000" classname="day02.Lianxi9"/>
  <testcase name="add" time="0.008" classname="day02.Lianxi9"/>
  <testcase name="sub" time="0.001" classname="day02.Lianxi9"/>
  <testcase name="cheng" time="0.000" classname="day02.Lianxi9"/>
  <testcase name="sub" time="0.000" classname="day02.Lianxi9"/>
  <testcase name="chu" time="0.001" classname="day02.Lianxi9"/>
  <testcase name="cheng" time="0.001" classname="day02.Lianxi9"/>
  <testcase name="add" time="0.001" classname="day02.Lianxi9"/>
  <testcase name="chu" time="0.001" classname="day02.Lianxi9"/>
  <testcase name="cheng" time="0.001" classname="day02.Lianxi9"/>
  <testcase name="chu" time="0.000" classname="day02.Lianxi9"/>
  <testcase name="sub" time="0.000" classname="day02.Lianxi9"/>
</testsuite> <!-- day02.Lianxi9 -->
