<?xml version="1.0" encoding="UTF-8"?>
<!-- Generated by org.testng.reporters.JUnitReportReporter -->
<testsuite hostname="DESKTOP-L4HF810" name="day03.Lianxi12" tests="6" failures="0" timestamp="29 Dec 2018 07:24:04 GMT" time="2.502" errors="0">
  <testcase name="d" time="0.160" classname="day03.Lianxi12"/>
  <testcase name="e" time="0.679" classname="day03.Lianxi12"/>
  <testcase name="a" time="0.404" classname="day03.Lianxi12"/>
  <testcase name="c" time="0.804" classname="day03.Lianxi12"/>
  <testcase name="f" time="0.138" classname="day03.Lianxi12"/>
  <testcase name="b" time="0.317" classname="day03.Lianxi12"/>
</testsuite> <!-- day03.Lianxi12 -->
